2025-08-02T14:22:00.425+05:30  INFO 18872 --- [ParkingLot] [main] com.example.demo.ParkingLotApplication   : Starting ParkingLotApplication using Java 17.0.15 with PID 18872 (C:\Users\samhi\IdeaProjects\ParkingLot\ParkingLotProject\build\classes\java\main started by samhi in C:\Users\samhi\IdeaProjects\ParkingLot\ParkingLotProject)
2025-08-02T14:22:00.427+05:30  INFO 18872 --- [ParkingLot] [main] com.example.demo.ParkingLotApplication   : No active profile set, falling back to 1 default profile: "default"
2025-08-02T14:22:02.680+05:30  INFO 18872 --- [ParkingLot] [main] .s.d.r.c.RepositoryConfigurationDelegate : Bootstrapping Spring Data JPA repositories in DEFAULT mode.
2025-08-02T14:22:02.792+05:30  INFO 18872 --- [ParkingLot] [main] .s.d.r.c.RepositoryConfigurationDelegate : Finished Spring Data repository scanning in 94 ms. Found 6 JPA repository interfaces.
2025-08-02T14:22:03.390+05:30  INFO 18872 --- [ParkingLot] [main] o.s.b.w.embedded.tomcat.TomcatWebServer  : Tomcat initialized with port 3333 (http)
2025-08-02T14:22:03.396+05:30  INFO 18872 --- [ParkingLot] [main] o.apache.catalina.core.StandardService   : Starting service [Tomcat]
2025-08-02T14:22:03.396+05:30  INFO 18872 --- [ParkingLot] [main] o.apache.catalina.core.StandardEngine    : Starting Servlet engine: [Apache Tomcat/10.1.42]
2025-08-02T14:22:03.477+05:30  INFO 18872 --- [ParkingLot] [main] o.a.c.c.C.[Tomcat].[localhost].[/]       : Initializing Spring embedded WebApplicationContext
2025-08-02T14:22:03.477+05:30  INFO 18872 --- [ParkingLot] [main] w.s.c.ServletWebServerApplicationContext : Root WebApplicationContext: initialization completed in 3001 ms
2025-08-02T14:22:03.785+05:30  INFO 18872 --- [ParkingLot] [main] o.hibernate.jpa.internal.util.LogHelper  : HHH000204: Processing PersistenceUnitInfo [name: default]
2025-08-02T14:22:03.867+05:30  INFO 18872 --- [ParkingLot] [main] org.hibernate.Version                    : HHH000412: Hibernate ORM core version 6.6.18.Final
2025-08-02T14:22:03.908+05:30  INFO 18872 --- [ParkingLot] [main] o.h.c.internal.RegionFactoryInitiator    : HHH000026: Second-level cache disabled
2025-08-02T14:22:04.336+05:30  INFO 18872 --- [ParkingLot] [main] o.s.o.j.p.SpringPersistenceUnitInfo      : No LoadTimeWeaver setup: ignoring JPA class transformer
2025-08-02T14:22:04.379+05:30  INFO 18872 --- [ParkingLot] [main] com.zaxxer.hikari.HikariDataSource       : HikariPool-1 - Starting...
2025-08-02T14:22:04.878+05:30  INFO 18872 --- [ParkingLot] [main] com.zaxxer.hikari.pool.HikariPool        : HikariPool-1 - Added connection com.mysql.cj.jdbc.ConnectionImpl@61836cd9
2025-08-02T14:22:04.883+05:30  INFO 18872 --- [ParkingLot] [main] com.zaxxer.hikari.HikariDataSource       : HikariPool-1 - Start completed.
2025-08-02T14:22:05.009+05:30  WARN 18872 --- [ParkingLot] [main] org.hibernate.orm.deprecation            : HHH90000025: MySQLDialect does not need to be specified explicitly using 'hibernate.dialect' (remove the property setting and it will be selected by default)
2025-08-02T14:22:05.037+05:30  INFO 18872 --- [ParkingLot] [main] org.hibernate.orm.connections.pooling    : HHH10001005: Database info:
	Database JDBC URL [Connecting through datasource 'HikariDataSource (HikariPool-1)']
	Database driver: undefined/unknown
	Database version: 8.0.42
	Autocommit mode: undefined/unknown
	Isolation level: undefined/unknown
	Minimum pool size: undefined/unknown
	Maximum pool size: undefined/unknown
2025-08-02T14:22:06.759+05:30  INFO 18872 --- [ParkingLot] [main] o.h.e.t.j.p.i.JtaPlatformInitiator       : HHH000489: No JTA platform available (set 'hibernate.transaction.jta.platform' to enable JTA platform integration)
2025-08-02T14:22:07.137+05:30  INFO 18872 --- [ParkingLot] [main] j.LocalContainerEntityManagerFactoryBean : Initialized JPA EntityManagerFactory for persistence unit 'default'
2025-08-02T14:22:07.507+05:30  WARN 18872 --- [ParkingLot] [main] JpaBaseConfiguration$JpaWebConfiguration : spring.jpa.open-in-view is enabled by default. Therefore, database queries may be performed during view rendering. Explicitly configure spring.jpa.open-in-view to disable this warning
2025-08-02T14:22:07.990+05:30  INFO 18872 --- [ParkingLot] [main] o.s.b.a.e.web.EndpointLinksResolver      : Exposing 1 endpoint beneath base path '/actuator'
2025-08-02T14:22:08.078+05:30  INFO 18872 --- [ParkingLot] [main] o.s.b.w.embedded.tomcat.TomcatWebServer  : Tomcat started on port 3333 (http) with context path '/'
2025-08-02T14:22:08.093+05:30  INFO 18872 --- [ParkingLot] [main] com.example.demo.ParkingLotApplication   : Started ParkingLotApplication in 8.255 seconds (process running for 8.673)
2025-08-02T14:22:48.883+05:30  INFO 18872 --- [ParkingLot] [http-nio-3333-exec-1] o.a.c.c.C.[Tomcat].[localhost].[/]       : Initializing Spring DispatcherServlet 'dispatcherServlet'
2025-08-02T14:22:48.883+05:30  INFO 18872 --- [ParkingLot] [http-nio-3333-exec-1] o.s.web.servlet.DispatcherServlet        : Initializing Servlet 'dispatcherServlet'
2025-08-02T14:22:48.883+05:30  INFO 18872 --- [ParkingLot] [http-nio-3333-exec-1] o.s.web.servlet.DispatcherServlet        : Completed initialization in 0 ms
2025-08-02T15:01:02.555+05:30  WARN 18872 --- [ParkingLot] [HikariPool-1:housekeeper] com.zaxxer.hikari.pool.HikariPool        : HikariPool-1 - Thread starvation or clock leap detected (housekeeper delta=21m27s272ms836µs800ns).
2025-08-02T15:02:42.279+05:30  INFO 8364 --- [ParkingLot] [main] com.example.demo.ParkingLotApplication   : Starting ParkingLotApplication using Java 17.0.15 with PID 8364 (C:\Users\samhi\IdeaProjects\ParkingLot\ParkingLotProject\build\classes\java\main started by samhi in C:\Users\samhi\IdeaProjects\ParkingLot\ParkingLotProject)
2025-08-02T15:02:42.282+05:30  INFO 8364 --- [ParkingLot] [main] com.example.demo.ParkingLotApplication   : No active profile set, falling back to 1 default profile: "default"
2025-08-02T15:02:43.083+05:30  INFO 8364 --- [ParkingLot] [main] .s.d.r.c.RepositoryConfigurationDelegate : Bootstrapping Spring Data JPA repositories in DEFAULT mode.
2025-08-02T15:02:43.144+05:30  INFO 8364 --- [ParkingLot] [main] .s.d.r.c.RepositoryConfigurationDelegate : Finished Spring Data repository scanning in 49 ms. Found 6 JPA repository interfaces.
2025-08-02T15:02:43.551+05:30  INFO 8364 --- [ParkingLot] [main] o.s.b.w.embedded.tomcat.TomcatWebServer  : Tomcat initialized with port 3333 (http)
2025-08-02T15:02:43.567+05:30  INFO 8364 --- [ParkingLot] [main] o.apache.catalina.core.StandardService   : Starting service [Tomcat]
2025-08-02T15:02:43.567+05:30  INFO 8364 --- [ParkingLot] [main] o.apache.catalina.core.StandardEngine    : Starting Servlet engine: [Apache Tomcat/10.1.42]
2025-08-02T15:02:43.618+05:30  INFO 8364 --- [ParkingLot] [main] o.a.c.c.C.[Tomcat].[localhost].[/]       : Initializing Spring embedded WebApplicationContext
2025-08-02T15:02:43.618+05:30  INFO 8364 --- [ParkingLot] [main] w.s.c.ServletWebServerApplicationContext : Root WebApplicationContext: initialization completed in 1305 ms
2025-08-02T15:02:43.814+05:30  INFO 8364 --- [ParkingLot] [main] o.hibernate.jpa.internal.util.LogHelper  : HHH000204: Processing PersistenceUnitInfo [name: default]
2025-08-02T15:02:43.879+05:30  INFO 8364 --- [ParkingLot] [main] org.hibernate.Version                    : HHH000412: Hibernate ORM core version 6.6.18.Final
2025-08-02T15:02:43.914+05:30  INFO 8364 --- [ParkingLot] [main] o.h.c.internal.RegionFactoryInitiator    : HHH000026: Second-level cache disabled
2025-08-02T15:02:44.159+05:30  INFO 8364 --- [ParkingLot] [main] o.s.o.j.p.SpringPersistenceUnitInfo      : No LoadTimeWeaver setup: ignoring JPA class transformer
2025-08-02T15:02:44.189+05:30  INFO 8364 --- [ParkingLot] [main] com.zaxxer.hikari.HikariDataSource       : HikariPool-1 - Starting...
2025-08-02T15:02:44.469+05:30  INFO 8364 --- [ParkingLot] [main] com.zaxxer.hikari.pool.HikariPool        : HikariPool-1 - Added connection com.mysql.cj.jdbc.ConnectionImpl@60bc308b
2025-08-02T15:02:44.469+05:30  INFO 8364 --- [ParkingLot] [main] com.zaxxer.hikari.HikariDataSource       : HikariPool-1 - Start completed.
2025-08-02T15:02:44.518+05:30  WARN 8364 --- [ParkingLot] [main] org.hibernate.orm.deprecation            : HHH90000025: MySQLDialect does not need to be specified explicitly using 'hibernate.dialect' (remove the property setting and it will be selected by default)
2025-08-02T15:02:44.536+05:30  INFO 8364 --- [ParkingLot] [main] org.hibernate.orm.connections.pooling    : HHH10001005: Database info:
	Database JDBC URL [Connecting through datasource 'HikariDataSource (HikariPool-1)']
	Database driver: undefined/unknown
	Database version: 8.0.42
	Autocommit mode: undefined/unknown
	Isolation level: undefined/unknown
	Minimum pool size: undefined/unknown
	Maximum pool size: undefined/unknown
2025-08-02T15:02:45.335+05:30  INFO 8364 --- [ParkingLot] [main] o.h.e.t.j.p.i.JtaPlatformInitiator       : HHH000489: No JTA platform available (set 'hibernate.transaction.jta.platform' to enable JTA platform integration)
2025-08-02T15:02:45.424+05:30  INFO 8364 --- [ParkingLot] [main] j.LocalContainerEntityManagerFactoryBean : Initialized JPA EntityManagerFactory for persistence unit 'default'
2025-08-02T15:02:45.633+05:30  WARN 8364 --- [ParkingLot] [main] JpaBaseConfiguration$JpaWebConfiguration : spring.jpa.open-in-view is enabled by default. Therefore, database queries may be performed during view rendering. Explicitly configure spring.jpa.open-in-view to disable this warning
2025-08-02T15:02:46.003+05:30  INFO 8364 --- [ParkingLot] [main] o.s.b.a.e.web.EndpointLinksResolver      : Exposing 1 endpoint beneath base path '/actuator'
2025-08-02T15:02:46.072+05:30  INFO 8364 --- [ParkingLot] [main] o.s.b.w.embedded.tomcat.TomcatWebServer  : Tomcat started on port 3333 (http) with context path '/'
2025-08-02T15:02:46.088+05:30  INFO 8364 --- [ParkingLot] [main] com.example.demo.ParkingLotApplication   : Started ParkingLotApplication in 4.185 seconds (process running for 4.459)
2025-08-02T15:02:51.385+05:30  INFO 8364 --- [ParkingLot] [http-nio-3333-exec-1] o.a.c.c.C.[Tomcat].[localhost].[/]       : Initializing Spring DispatcherServlet 'dispatcherServlet'
2025-08-02T15:02:51.385+05:30  INFO 8364 --- [ParkingLot] [http-nio-3333-exec-1] o.s.web.servlet.DispatcherServlet        : Initializing Servlet 'dispatcherServlet'
2025-08-02T15:02:51.385+05:30  INFO 8364 --- [ParkingLot] [http-nio-3333-exec-1] o.s.web.servlet.DispatcherServlet        : Completed initialization in 0 ms
2025-08-02T15:04:21.851+05:30  INFO 25084 --- [ParkingLot] [main] com.example.demo.ParkingLotApplication   : Starting ParkingLotApplication using Java 17.0.15 with PID 25084 (C:\Users\samhi\IdeaProjects\ParkingLot\ParkingLotProject\build\classes\java\main started by samhi in C:\Users\samhi\IdeaProjects\ParkingLot\ParkingLotProject)
2025-08-02T15:04:21.856+05:30  INFO 25084 --- [ParkingLot] [main] com.example.demo.ParkingLotApplication   : No active profile set, falling back to 1 default profile: "default"
2025-08-02T15:04:22.615+05:30  INFO 25084 --- [ParkingLot] [main] .s.d.r.c.RepositoryConfigurationDelegate : Bootstrapping Spring Data JPA repositories in DEFAULT mode.
2025-08-02T15:04:22.679+05:30  INFO 25084 --- [ParkingLot] [main] .s.d.r.c.RepositoryConfigurationDelegate : Finished Spring Data repository scanning in 56 ms. Found 6 JPA repository interfaces.
2025-08-02T15:04:23.070+05:30  INFO 25084 --- [ParkingLot] [main] o.s.b.w.embedded.tomcat.TomcatWebServer  : Tomcat initialized with port 3333 (http)
2025-08-02T15:04:23.073+05:30  INFO 25084 --- [ParkingLot] [main] o.apache.catalina.core.StandardService   : Starting service [Tomcat]
2025-08-02T15:04:23.073+05:30  INFO 25084 --- [ParkingLot] [main] o.apache.catalina.core.StandardEngine    : Starting Servlet engine: [Apache Tomcat/10.1.42]
2025-08-02T15:04:23.118+05:30  INFO 25084 --- [ParkingLot] [main] o.a.c.c.C.[Tomcat].[localhost].[/]       : Initializing Spring embedded WebApplicationContext
2025-08-02T15:04:23.118+05:30  INFO 25084 --- [ParkingLot] [main] w.s.c.ServletWebServerApplicationContext : Root WebApplicationContext: initialization completed in 1222 ms
2025-08-02T15:04:23.293+05:30  INFO 25084 --- [ParkingLot] [main] o.hibernate.jpa.internal.util.LogHelper  : HHH000204: Processing PersistenceUnitInfo [name: default]
2025-08-02T15:04:23.330+05:30  INFO 25084 --- [ParkingLot] [main] org.hibernate.Version                    : HHH000412: Hibernate ORM core version 6.6.18.Final
2025-08-02T15:04:23.355+05:30  INFO 25084 --- [ParkingLot] [main] o.h.c.internal.RegionFactoryInitiator    : HHH000026: Second-level cache disabled
2025-08-02T15:04:23.564+05:30  INFO 25084 --- [ParkingLot] [main] o.s.o.j.p.SpringPersistenceUnitInfo      : No LoadTimeWeaver setup: ignoring JPA class transformer
2025-08-02T15:04:23.587+05:30  INFO 25084 --- [ParkingLot] [main] com.zaxxer.hikari.HikariDataSource       : HikariPool-1 - Starting...
2025-08-02T15:04:23.800+05:30  INFO 25084 --- [ParkingLot] [main] com.zaxxer.hikari.pool.HikariPool        : HikariPool-1 - Added connection com.mysql.cj.jdbc.ConnectionImpl@42d0e41
2025-08-02T15:04:23.803+05:30  INFO 25084 --- [ParkingLot] [main] com.zaxxer.hikari.HikariDataSource       : HikariPool-1 - Start completed.
2025-08-02T15:04:23.844+05:30  WARN 25084 --- [ParkingLot] [main] org.hibernate.orm.deprecation            : HHH90000025: MySQLDialect does not need to be specified explicitly using 'hibernate.dialect' (remove the property setting and it will be selected by default)
2025-08-02T15:04:23.864+05:30  INFO 25084 --- [ParkingLot] [main] org.hibernate.orm.connections.pooling    : HHH10001005: Database info:
	Database JDBC URL [Connecting through datasource 'HikariDataSource (HikariPool-1)']
	Database driver: undefined/unknown
	Database version: 8.0.42
	Autocommit mode: undefined/unknown
	Isolation level: undefined/unknown
	Minimum pool size: undefined/unknown
	Maximum pool size: undefined/unknown
2025-08-02T15:04:24.567+05:30  INFO 25084 --- [ParkingLot] [main] o.h.e.t.j.p.i.JtaPlatformInitiator       : HHH000489: No JTA platform available (set 'hibernate.transaction.jta.platform' to enable JTA platform integration)
2025-08-02T15:04:24.644+05:30  INFO 25084 --- [ParkingLot] [main] j.LocalContainerEntityManagerFactoryBean : Initialized JPA EntityManagerFactory for persistence unit 'default'
2025-08-02T15:04:24.834+05:30  WARN 25084 --- [ParkingLot] [main] JpaBaseConfiguration$JpaWebConfiguration : spring.jpa.open-in-view is enabled by default. Therefore, database queries may be performed during view rendering. Explicitly configure spring.jpa.open-in-view to disable this warning
2025-08-02T15:04:25.174+05:30  INFO 25084 --- [ParkingLot] [main] o.s.b.a.e.web.EndpointLinksResolver      : Exposing 1 endpoint beneath base path '/actuator'
2025-08-02T15:04:25.239+05:30  INFO 25084 --- [ParkingLot] [main] o.s.b.w.embedded.tomcat.TomcatWebServer  : Tomcat started on port 3333 (http) with context path '/'
2025-08-02T15:04:25.254+05:30  INFO 25084 --- [ParkingLot] [main] com.example.demo.ParkingLotApplication   : Started ParkingLotApplication in 3.77 seconds (process running for 4.01)
2025-08-02T15:04:29.396+05:30  INFO 25084 --- [ParkingLot] [http-nio-3333-exec-2] o.a.c.c.C.[Tomcat].[localhost].[/]       : Initializing Spring DispatcherServlet 'dispatcherServlet'
2025-08-02T15:04:29.399+05:30  INFO 25084 --- [ParkingLot] [http-nio-3333-exec-2] o.s.web.servlet.DispatcherServlet        : Initializing Servlet 'dispatcherServlet'
2025-08-02T15:04:29.400+05:30  INFO 25084 --- [ParkingLot] [http-nio-3333-exec-2] o.s.web.servlet.DispatcherServlet        : Completed initialization in 0 ms
2025-08-02T15:15:59.546+05:30  INFO 17156 --- [ParkingLot] [main] com.example.demo.ParkingLotApplication   : Starting ParkingLotApplication using Java 17.0.15 with PID 17156 (C:\Users\samhi\IdeaProjects\ParkingLot\ParkingLotProject\build\classes\java\main started by samhi in C:\Users\samhi\IdeaProjects\ParkingLot\ParkingLotProject)
2025-08-02T15:15:59.549+05:30  INFO 17156 --- [ParkingLot] [main] com.example.demo.ParkingLotApplication   : No active profile set, falling back to 1 default profile: "default"
2025-08-02T15:16:00.307+05:30  INFO 17156 --- [ParkingLot] [main] .s.d.r.c.RepositoryConfigurationDelegate : Bootstrapping Spring Data JPA repositories in DEFAULT mode.
2025-08-02T15:16:00.382+05:30  INFO 17156 --- [ParkingLot] [main] .s.d.r.c.RepositoryConfigurationDelegate : Finished Spring Data repository scanning in 67 ms. Found 6 JPA repository interfaces.
2025-08-02T15:16:00.816+05:30  INFO 17156 --- [ParkingLot] [main] o.s.b.w.embedded.tomcat.TomcatWebServer  : Tomcat initialized with port 3333 (http)
2025-08-02T15:16:00.822+05:30  INFO 17156 --- [ParkingLot] [main] o.apache.catalina.core.StandardService   : Starting service [Tomcat]
2025-08-02T15:16:00.822+05:30  INFO 17156 --- [ParkingLot] [main] o.apache.catalina.core.StandardEngine    : Starting Servlet engine: [Apache Tomcat/10.1.42]
2025-08-02T15:16:00.867+05:30  INFO 17156 --- [ParkingLot] [main] o.a.c.c.C.[Tomcat].[localhost].[/]       : Initializing Spring embedded WebApplicationContext
2025-08-02T15:16:00.868+05:30  INFO 17156 --- [ParkingLot] [main] w.s.c.ServletWebServerApplicationContext : Root WebApplicationContext: initialization completed in 1283 ms
2025-08-02T15:16:01.065+05:30  INFO 17156 --- [ParkingLot] [main] o.hibernate.jpa.internal.util.LogHelper  : HHH000204: Processing PersistenceUnitInfo [name: default]
2025-08-02T15:16:01.107+05:30  INFO 17156 --- [ParkingLot] [main] org.hibernate.Version                    : HHH000412: Hibernate ORM core version 6.6.18.Final
2025-08-02T15:16:01.136+05:30  INFO 17156 --- [ParkingLot] [main] o.h.c.internal.RegionFactoryInitiator    : HHH000026: Second-level cache disabled
2025-08-02T15:16:01.358+05:30  INFO 17156 --- [ParkingLot] [main] o.s.o.j.p.SpringPersistenceUnitInfo      : No LoadTimeWeaver setup: ignoring JPA class transformer
2025-08-02T15:16:01.380+05:30  INFO 17156 --- [ParkingLot] [main] com.zaxxer.hikari.HikariDataSource       : HikariPool-1 - Starting...
2025-08-02T15:16:01.636+05:30  INFO 17156 --- [ParkingLot] [main] com.zaxxer.hikari.pool.HikariPool        : HikariPool-1 - Added connection com.mysql.cj.jdbc.ConnectionImpl@42cfd794
2025-08-02T15:16:01.639+05:30  INFO 17156 --- [ParkingLot] [main] com.zaxxer.hikari.HikariDataSource       : HikariPool-1 - Start completed.
2025-08-02T15:16:01.676+05:30  WARN 17156 --- [ParkingLot] [main] org.hibernate.orm.deprecation            : HHH90000025: MySQLDialect does not need to be specified explicitly using 'hibernate.dialect' (remove the property setting and it will be selected by default)
2025-08-02T15:16:01.692+05:30  INFO 17156 --- [ParkingLot] [main] org.hibernate.orm.connections.pooling    : HHH10001005: Database info:
	Database JDBC URL [Connecting through datasource 'HikariDataSource (HikariPool-1)']
	Database driver: undefined/unknown
	Database version: 8.0.42
	Autocommit mode: undefined/unknown
	Isolation level: undefined/unknown
	Minimum pool size: undefined/unknown
	Maximum pool size: undefined/unknown
2025-08-02T15:16:02.445+05:30  INFO 17156 --- [ParkingLot] [main] o.h.e.t.j.p.i.JtaPlatformInitiator       : HHH000489: No JTA platform available (set 'hibernate.transaction.jta.platform' to enable JTA platform integration)
2025-08-02T15:16:02.568+05:30  INFO 17156 --- [ParkingLot] [main] j.LocalContainerEntityManagerFactoryBean : Initialized JPA EntityManagerFactory for persistence unit 'default'
2025-08-02T15:16:02.781+05:30  WARN 17156 --- [ParkingLot] [main] JpaBaseConfiguration$JpaWebConfiguration : spring.jpa.open-in-view is enabled by default. Therefore, database queries may be performed during view rendering. Explicitly configure spring.jpa.open-in-view to disable this warning
2025-08-02T15:16:03.139+05:30  INFO 17156 --- [ParkingLot] [main] o.s.b.a.e.web.EndpointLinksResolver      : Exposing 1 endpoint beneath base path '/actuator'
2025-08-02T15:16:03.212+05:30  INFO 17156 --- [ParkingLot] [main] o.s.b.w.embedded.tomcat.TomcatWebServer  : Tomcat started on port 3333 (http) with context path '/'
2025-08-02T15:16:03.226+05:30  INFO 17156 --- [ParkingLot] [main] com.example.demo.ParkingLotApplication   : Started ParkingLotApplication in 4.04 seconds (process running for 4.286)
2025-08-02T15:16:09.705+05:30  INFO 17156 --- [ParkingLot] [http-nio-3333-exec-1] o.a.c.c.C.[Tomcat].[localhost].[/]       : Initializing Spring DispatcherServlet 'dispatcherServlet'
2025-08-02T15:16:09.705+05:30  INFO 17156 --- [ParkingLot] [http-nio-3333-exec-1] o.s.web.servlet.DispatcherServlet        : Initializing Servlet 'dispatcherServlet'
2025-08-02T15:16:09.705+05:30  INFO 17156 --- [ParkingLot] [http-nio-3333-exec-1] o.s.web.servlet.DispatcherServlet        : Completed initialization in 0 ms
2025-08-02T15:18:28.393+05:30  INFO 21628 --- [ParkingLot] [main] com.example.demo.ParkingLotApplication   : Starting ParkingLotApplication using Java 17.0.15 with PID 21628 (C:\Users\samhi\IdeaProjects\ParkingLot\ParkingLotProject\build\classes\java\main started by samhi in C:\Users\samhi\IdeaProjects\ParkingLot\ParkingLotProject)
2025-08-02T15:18:28.393+05:30  INFO 21628 --- [ParkingLot] [main] com.example.demo.ParkingLotApplication   : No active profile set, falling back to 1 default profile: "default"
2025-08-02T15:18:29.171+05:30  INFO 21628 --- [ParkingLot] [main] .s.d.r.c.RepositoryConfigurationDelegate : Bootstrapping Spring Data JPA repositories in DEFAULT mode.
2025-08-02T15:18:29.257+05:30  INFO 21628 --- [ParkingLot] [main] .s.d.r.c.RepositoryConfigurationDelegate : Finished Spring Data repository scanning in 83 ms. Found 6 JPA repository interfaces.
2025-08-02T15:18:29.628+05:30  INFO 21628 --- [ParkingLot] [main] o.s.b.w.embedded.tomcat.TomcatWebServer  : Tomcat initialized with port 3333 (http)
2025-08-02T15:18:29.638+05:30  INFO 21628 --- [ParkingLot] [main] o.apache.catalina.core.StandardService   : Starting service [Tomcat]
2025-08-02T15:18:29.638+05:30  INFO 21628 --- [ParkingLot] [main] o.apache.catalina.core.StandardEngine    : Starting Servlet engine: [Apache Tomcat/10.1.42]
2025-08-02T15:18:29.679+05:30  INFO 21628 --- [ParkingLot] [main] o.a.c.c.C.[Tomcat].[localhost].[/]       : Initializing Spring embedded WebApplicationContext
2025-08-02T15:18:29.679+05:30  INFO 21628 --- [ParkingLot] [main] w.s.c.ServletWebServerApplicationContext : Root WebApplicationContext: initialization completed in 1238 ms
2025-08-02T15:18:29.881+05:30  INFO 21628 --- [ParkingLot] [main] o.hibernate.jpa.internal.util.LogHelper  : HHH000204: Processing PersistenceUnitInfo [name: default]
2025-08-02T15:18:29.928+05:30  INFO 21628 --- [ParkingLot] [main] org.hibernate.Version                    : HHH000412: Hibernate ORM core version 6.6.18.Final
2025-08-02T15:18:29.968+05:30  INFO 21628 --- [ParkingLot] [main] o.h.c.internal.RegionFactoryInitiator    : HHH000026: Second-level cache disabled
2025-08-02T15:18:30.187+05:30  INFO 21628 --- [ParkingLot] [main] o.s.o.j.p.SpringPersistenceUnitInfo      : No LoadTimeWeaver setup: ignoring JPA class transformer
2025-08-02T15:18:30.206+05:30  INFO 21628 --- [ParkingLot] [main] com.zaxxer.hikari.HikariDataSource       : HikariPool-1 - Starting...
2025-08-02T15:18:30.432+05:30  INFO 21628 --- [ParkingLot] [main] com.zaxxer.hikari.pool.HikariPool        : HikariPool-1 - Added connection com.mysql.cj.jdbc.ConnectionImpl@17f41739
2025-08-02T15:18:30.433+05:30  INFO 21628 --- [ParkingLot] [main] com.zaxxer.hikari.HikariDataSource       : HikariPool-1 - Start completed.
2025-08-02T15:18:30.471+05:30  WARN 21628 --- [ParkingLot] [main] org.hibernate.orm.deprecation            : HHH90000025: MySQLDialect does not need to be specified explicitly using 'hibernate.dialect' (remove the property setting and it will be selected by default)
2025-08-02T15:18:30.485+05:30  INFO 21628 --- [ParkingLot] [main] org.hibernate.orm.connections.pooling    : HHH10001005: Database info:
	Database JDBC URL [Connecting through datasource 'HikariDataSource (HikariPool-1)']
	Database driver: undefined/unknown
	Database version: 8.0.42
	Autocommit mode: undefined/unknown
	Isolation level: undefined/unknown
	Minimum pool size: undefined/unknown
	Maximum pool size: undefined/unknown
2025-08-02T15:18:31.197+05:30  INFO 21628 --- [ParkingLot] [main] o.h.e.t.j.p.i.JtaPlatformInitiator       : HHH000489: No JTA platform available (set 'hibernate.transaction.jta.platform' to enable JTA platform integration)
2025-08-02T15:18:31.283+05:30  INFO 21628 --- [ParkingLot] [main] j.LocalContainerEntityManagerFactoryBean : Initialized JPA EntityManagerFactory for persistence unit 'default'
2025-08-02T15:18:31.480+05:30  WARN 21628 --- [ParkingLot] [main] JpaBaseConfiguration$JpaWebConfiguration : spring.jpa.open-in-view is enabled by default. Therefore, database queries may be performed during view rendering. Explicitly configure spring.jpa.open-in-view to disable this warning
2025-08-02T15:18:31.844+05:30  INFO 21628 --- [ParkingLot] [main] o.s.b.a.e.web.EndpointLinksResolver      : Exposing 1 endpoint beneath base path '/actuator'
2025-08-02T15:18:31.897+05:30  INFO 21628 --- [ParkingLot] [main] o.s.b.w.embedded.tomcat.TomcatWebServer  : Tomcat started on port 3333 (http) with context path '/'
2025-08-02T15:18:31.910+05:30  INFO 21628 --- [ParkingLot] [main] com.example.demo.ParkingLotApplication   : Started ParkingLotApplication in 3.915 seconds (process running for 4.164)
2025-08-02T15:18:35.514+05:30  INFO 21628 --- [ParkingLot] [http-nio-3333-exec-1] o.a.c.c.C.[Tomcat].[localhost].[/]       : Initializing Spring DispatcherServlet 'dispatcherServlet'
2025-08-02T15:18:35.514+05:30  INFO 21628 --- [ParkingLot] [http-nio-3333-exec-1] o.s.web.servlet.DispatcherServlet        : Initializing Servlet 'dispatcherServlet'
2025-08-02T15:18:35.514+05:30  INFO 21628 --- [ParkingLot] [http-nio-3333-exec-1] o.s.web.servlet.DispatcherServlet        : Completed initialization in 0 ms
2025-08-02T15:18:51.792+05:30  INFO 9936 --- [ParkingLot] [main] com.example.demo.ParkingLotApplication   : Starting ParkingLotApplication using Java 17.0.15 with PID 9936 (C:\Users\samhi\IdeaProjects\ParkingLot\ParkingLotProject\build\classes\java\main started by samhi in C:\Users\samhi\IdeaProjects\ParkingLot\ParkingLotProject)
2025-08-02T15:18:51.796+05:30  INFO 9936 --- [ParkingLot] [main] com.example.demo.ParkingLotApplication   : No active profile set, falling back to 1 default profile: "default"
2025-08-02T15:18:52.578+05:30  INFO 9936 --- [ParkingLot] [main] .s.d.r.c.RepositoryConfigurationDelegate : Bootstrapping Spring Data JPA repositories in DEFAULT mode.
2025-08-02T15:18:52.657+05:30  INFO 9936 --- [ParkingLot] [main] .s.d.r.c.RepositoryConfigurationDelegate : Finished Spring Data repository scanning in 72 ms. Found 6 JPA repository interfaces.
2025-08-02T15:18:53.038+05:30  INFO 9936 --- [ParkingLot] [main] o.s.b.w.embedded.tomcat.TomcatWebServer  : Tomcat initialized with port 3333 (http)
2025-08-02T15:18:53.051+05:30  INFO 9936 --- [ParkingLot] [main] o.apache.catalina.core.StandardService   : Starting service [Tomcat]
2025-08-02T15:18:53.051+05:30  INFO 9936 --- [ParkingLot] [main] o.apache.catalina.core.StandardEngine    : Starting Servlet engine: [Apache Tomcat/10.1.42]
2025-08-02T15:18:53.087+05:30  INFO 9936 --- [ParkingLot] [main] o.a.c.c.C.[Tomcat].[localhost].[/]       : Initializing Spring embedded WebApplicationContext
2025-08-02T15:18:53.087+05:30  INFO 9936 --- [ParkingLot] [main] w.s.c.ServletWebServerApplicationContext : Root WebApplicationContext: initialization completed in 1256 ms
2025-08-02T15:18:53.282+05:30  INFO 9936 --- [ParkingLot] [main] o.hibernate.jpa.internal.util.LogHelper  : HHH000204: Processing PersistenceUnitInfo [name: default]
2025-08-02T15:18:53.317+05:30  INFO 9936 --- [ParkingLot] [main] org.hibernate.Version                    : HHH000412: Hibernate ORM core version 6.6.18.Final
2025-08-02T15:18:53.351+05:30  INFO 9936 --- [ParkingLot] [main] o.h.c.internal.RegionFactoryInitiator    : HHH000026: Second-level cache disabled
2025-08-02T15:18:53.558+05:30  INFO 9936 --- [ParkingLot] [main] o.s.o.j.p.SpringPersistenceUnitInfo      : No LoadTimeWeaver setup: ignoring JPA class transformer
2025-08-02T15:18:53.581+05:30  INFO 9936 --- [ParkingLot] [main] com.zaxxer.hikari.HikariDataSource       : HikariPool-1 - Starting...
2025-08-02T15:18:53.786+05:30  INFO 9936 --- [ParkingLot] [main] com.zaxxer.hikari.pool.HikariPool        : HikariPool-1 - Added connection com.mysql.cj.jdbc.ConnectionImpl@71beada8
2025-08-02T15:18:53.786+05:30  INFO 9936 --- [ParkingLot] [main] com.zaxxer.hikari.HikariDataSource       : HikariPool-1 - Start completed.
2025-08-02T15:18:53.817+05:30  WARN 9936 --- [ParkingLot] [main] org.hibernate.orm.deprecation            : HHH90000025: MySQLDialect does not need to be specified explicitly using 'hibernate.dialect' (remove the property setting and it will be selected by default)
2025-08-02T15:18:53.831+05:30  INFO 9936 --- [ParkingLot] [main] org.hibernate.orm.connections.pooling    : HHH10001005: Database info:
	Database JDBC URL [Connecting through datasource 'HikariDataSource (HikariPool-1)']
	Database driver: undefined/unknown
	Database version: 8.0.42
	Autocommit mode: undefined/unknown
	Isolation level: undefined/unknown
	Minimum pool size: undefined/unknown
	Maximum pool size: undefined/unknown
2025-08-02T15:18:54.558+05:30  INFO 9936 --- [ParkingLot] [main] o.h.e.t.j.p.i.JtaPlatformInitiator       : HHH000489: No JTA platform available (set 'hibernate.transaction.jta.platform' to enable JTA platform integration)
2025-08-02T15:18:54.683+05:30  INFO 9936 --- [ParkingLot] [main] j.LocalContainerEntityManagerFactoryBean : Initialized JPA EntityManagerFactory for persistence unit 'default'
2025-08-02T15:18:54.896+05:30  WARN 9936 --- [ParkingLot] [main] JpaBaseConfiguration$JpaWebConfiguration : spring.jpa.open-in-view is enabled by default. Therefore, database queries may be performed during view rendering. Explicitly configure spring.jpa.open-in-view to disable this warning
2025-08-02T15:18:55.251+05:30  INFO 9936 --- [ParkingLot] [main] o.s.b.a.e.web.EndpointLinksResolver      : Exposing 1 endpoint beneath base path '/actuator'
2025-08-02T15:18:55.310+05:30  INFO 9936 --- [ParkingLot] [main] o.s.b.w.embedded.tomcat.TomcatWebServer  : Tomcat started on port 3333 (http) with context path '/'
2025-08-02T15:18:55.325+05:30  INFO 9936 --- [ParkingLot] [main] com.example.demo.ParkingLotApplication   : Started ParkingLotApplication in 3.916 seconds (process running for 4.16)
2025-08-02T15:18:57.922+05:30  INFO 9936 --- [ParkingLot] [http-nio-3333-exec-1] o.a.c.c.C.[Tomcat].[localhost].[/]       : Initializing Spring DispatcherServlet 'dispatcherServlet'
2025-08-02T15:18:57.922+05:30  INFO 9936 --- [ParkingLot] [http-nio-3333-exec-1] o.s.web.servlet.DispatcherServlet        : Initializing Servlet 'dispatcherServlet'
2025-08-02T15:18:57.924+05:30  INFO 9936 --- [ParkingLot] [http-nio-3333-exec-1] o.s.web.servlet.DispatcherServlet        : Completed initialization in 2 ms
2025-08-02T15:19:43.078+05:30  INFO 26964 --- [ParkingLot] [main] com.example.demo.ParkingLotApplication   : Starting ParkingLotApplication using Java 17.0.15 with PID 26964 (C:\Users\samhi\IdeaProjects\ParkingLot\ParkingLotProject\build\classes\java\main started by samhi in C:\Users\samhi\IdeaProjects\ParkingLot\ParkingLotProject)
2025-08-02T15:19:43.081+05:30  INFO 26964 --- [ParkingLot] [main] com.example.demo.ParkingLotApplication   : No active profile set, falling back to 1 default profile: "default"
2025-08-02T15:19:43.799+05:30  INFO 26964 --- [ParkingLot] [main] .s.d.r.c.RepositoryConfigurationDelegate : Bootstrapping Spring Data JPA repositories in DEFAULT mode.
2025-08-02T15:19:43.872+05:30  INFO 26964 --- [ParkingLot] [main] .s.d.r.c.RepositoryConfigurationDelegate : Finished Spring Data repository scanning in 65 ms. Found 6 JPA repository interfaces.
2025-08-02T15:19:44.263+05:30  INFO 26964 --- [ParkingLot] [main] o.s.b.w.embedded.tomcat.TomcatWebServer  : Tomcat initialized with port 3333 (http)
2025-08-02T15:19:44.269+05:30  INFO 26964 --- [ParkingLot] [main] o.apache.catalina.core.StandardService   : Starting service [Tomcat]
2025-08-02T15:19:44.269+05:30  INFO 26964 --- [ParkingLot] [main] o.apache.catalina.core.StandardEngine    : Starting Servlet engine: [Apache Tomcat/10.1.42]
2025-08-02T15:19:44.306+05:30  INFO 26964 --- [ParkingLot] [main] o.a.c.c.C.[Tomcat].[localhost].[/]       : Initializing Spring embedded WebApplicationContext
2025-08-02T15:19:44.306+05:30  INFO 26964 --- [ParkingLot] [main] w.s.c.ServletWebServerApplicationContext : Root WebApplicationContext: initialization completed in 1177 ms
2025-08-02T15:19:44.516+05:30  INFO 26964 --- [ParkingLot] [main] o.hibernate.jpa.internal.util.LogHelper  : HHH000204: Processing PersistenceUnitInfo [name: default]
2025-08-02T15:19:44.572+05:30  INFO 26964 --- [ParkingLot] [main] org.hibernate.Version                    : HHH000412: Hibernate ORM core version 6.6.18.Final
2025-08-02T15:19:44.615+05:30  INFO 26964 --- [ParkingLot] [main] o.h.c.internal.RegionFactoryInitiator    : HHH000026: Second-level cache disabled
2025-08-02T15:19:44.834+05:30  INFO 26964 --- [ParkingLot] [main] o.s.o.j.p.SpringPersistenceUnitInfo      : No LoadTimeWeaver setup: ignoring JPA class transformer
2025-08-02T15:19:44.859+05:30  INFO 26964 --- [ParkingLot] [main] com.zaxxer.hikari.HikariDataSource       : HikariPool-1 - Starting...
2025-08-02T15:19:45.075+05:30  INFO 26964 --- [ParkingLot] [main] com.zaxxer.hikari.pool.HikariPool        : HikariPool-1 - Added connection com.mysql.cj.jdbc.ConnectionImpl@290807e5
2025-08-02T15:19:45.076+05:30  INFO 26964 --- [ParkingLot] [main] com.zaxxer.hikari.HikariDataSource       : HikariPool-1 - Start completed.
2025-08-02T15:19:45.145+05:30  WARN 26964 --- [ParkingLot] [main] org.hibernate.orm.deprecation            : HHH90000025: MySQLDialect does not need to be specified explicitly using 'hibernate.dialect' (remove the property setting and it will be selected by default)
2025-08-02T15:19:45.159+05:30  INFO 26964 --- [ParkingLot] [main] org.hibernate.orm.connections.pooling    : HHH10001005: Database info:
	Database JDBC URL [Connecting through datasource 'HikariDataSource (HikariPool-1)']
	Database driver: undefined/unknown
	Database version: 8.0.42
	Autocommit mode: undefined/unknown
	Isolation level: undefined/unknown
	Minimum pool size: undefined/unknown
	Maximum pool size: undefined/unknown
2025-08-02T15:19:45.871+05:30  INFO 26964 --- [ParkingLot] [main] o.h.e.t.j.p.i.JtaPlatformInitiator       : HHH000489: No JTA platform available (set 'hibernate.transaction.jta.platform' to enable JTA platform integration)
2025-08-02T15:19:45.999+05:30  INFO 26964 --- [ParkingLot] [main] j.LocalContainerEntityManagerFactoryBean : Initialized JPA EntityManagerFactory for persistence unit 'default'
2025-08-02T15:19:46.203+05:30  WARN 26964 --- [ParkingLot] [main] JpaBaseConfiguration$JpaWebConfiguration : spring.jpa.open-in-view is enabled by default. Therefore, database queries may be performed during view rendering. Explicitly configure spring.jpa.open-in-view to disable this warning
2025-08-02T15:19:46.551+05:30  INFO 26964 --- [ParkingLot] [main] o.s.b.a.e.web.EndpointLinksResolver      : Exposing 1 endpoint beneath base path '/actuator'
2025-08-02T15:19:46.620+05:30  INFO 26964 --- [ParkingLot] [main] o.s.b.w.embedded.tomcat.TomcatWebServer  : Tomcat started on port 3333 (http) with context path '/'
2025-08-02T15:19:46.636+05:30  INFO 26964 --- [ParkingLot] [main] com.example.demo.ParkingLotApplication   : Started ParkingLotApplication in 3.916 seconds (process running for 4.157)
2025-08-02T15:19:50.359+05:30  INFO 26964 --- [ParkingLot] [http-nio-3333-exec-1] o.a.c.c.C.[Tomcat].[localhost].[/]       : Initializing Spring DispatcherServlet 'dispatcherServlet'
2025-08-02T15:19:50.359+05:30  INFO 26964 --- [ParkingLot] [http-nio-3333-exec-1] o.s.web.servlet.DispatcherServlet        : Initializing Servlet 'dispatcherServlet'
2025-08-02T15:19:50.360+05:30  INFO 26964 --- [ParkingLot] [http-nio-3333-exec-1] o.s.web.servlet.DispatcherServlet        : Completed initialization in 1 ms
2025-08-02T15:19:50.615+05:30  WARN 26964 --- [ParkingLot] [http-nio-3333-exec-1] o.h.engine.jdbc.spi.SqlExceptionHelper   : SQL Error: 1062, SQLState: 23000
2025-08-02T15:19:50.616+05:30 ERROR 26964 --- [ParkingLot] [http-nio-3333-exec-1] o.h.engine.jdbc.spi.SqlExceptionHelper   : Duplicate entry 'KA51MV3670' for key 'parking_ticket.UK42nrdk0x1sv4qisc5d0vybds7'
2025-08-02T15:22:48.087+05:30  INFO 17720 --- [ParkingLot] [main] com.example.demo.ParkingLotApplication   : Starting ParkingLotApplication using Java 17.0.15 with PID 17720 (C:\Users\samhi\IdeaProjects\ParkingLot\ParkingLotProject\build\classes\java\main started by samhi in C:\Users\samhi\IdeaProjects\ParkingLot\ParkingLotProject)
2025-08-02T15:22:48.090+05:30  INFO 17720 --- [ParkingLot] [main] com.example.demo.ParkingLotApplication   : No active profile set, falling back to 1 default profile: "default"
2025-08-02T15:22:48.838+05:30  INFO 17720 --- [ParkingLot] [main] .s.d.r.c.RepositoryConfigurationDelegate : Bootstrapping Spring Data JPA repositories in DEFAULT mode.
2025-08-02T15:22:48.898+05:30  INFO 17720 --- [ParkingLot] [main] .s.d.r.c.RepositoryConfigurationDelegate : Finished Spring Data repository scanning in 52 ms. Found 6 JPA repository interfaces.
2025-08-02T15:22:49.280+05:30  INFO 17720 --- [ParkingLot] [main] o.s.b.w.embedded.tomcat.TomcatWebServer  : Tomcat initialized with port 3333 (http)
2025-08-02T15:22:49.285+05:30  INFO 17720 --- [ParkingLot] [main] o.apache.catalina.core.StandardService   : Starting service [Tomcat]
2025-08-02T15:22:49.285+05:30  INFO 17720 --- [ParkingLot] [main] o.apache.catalina.core.StandardEngine    : Starting Servlet engine: [Apache Tomcat/10.1.42]
2025-08-02T15:22:49.334+05:30  INFO 17720 --- [ParkingLot] [main] o.a.c.c.C.[Tomcat].[localhost].[/]       : Initializing Spring embedded WebApplicationContext
2025-08-02T15:22:49.334+05:30  INFO 17720 --- [ParkingLot] [main] w.s.c.ServletWebServerApplicationContext : Root WebApplicationContext: initialization completed in 1201 ms
2025-08-02T15:22:49.533+05:30  INFO 17720 --- [ParkingLot] [main] o.hibernate.jpa.internal.util.LogHelper  : HHH000204: Processing PersistenceUnitInfo [name: default]
2025-08-02T15:22:49.581+05:30  INFO 17720 --- [ParkingLot] [main] org.hibernate.Version                    : HHH000412: Hibernate ORM core version 6.6.18.Final
2025-08-02T15:22:49.611+05:30  INFO 17720 --- [ParkingLot] [main] o.h.c.internal.RegionFactoryInitiator    : HHH000026: Second-level cache disabled
2025-08-02T15:22:49.824+05:30  INFO 17720 --- [ParkingLot] [main] o.s.o.j.p.SpringPersistenceUnitInfo      : No LoadTimeWeaver setup: ignoring JPA class transformer
2025-08-02T15:22:49.845+05:30  INFO 17720 --- [ParkingLot] [main] com.zaxxer.hikari.HikariDataSource       : HikariPool-1 - Starting...
2025-08-02T15:22:50.053+05:30  INFO 17720 --- [ParkingLot] [main] com.zaxxer.hikari.pool.HikariPool        : HikariPool-1 - Added connection com.mysql.cj.jdbc.ConnectionImpl@290807e5
2025-08-02T15:22:50.054+05:30  INFO 17720 --- [ParkingLot] [main] com.zaxxer.hikari.HikariDataSource       : HikariPool-1 - Start completed.
2025-08-02T15:22:50.095+05:30  WARN 17720 --- [ParkingLot] [main] org.hibernate.orm.deprecation            : HHH90000025: MySQLDialect does not need to be specified explicitly using 'hibernate.dialect' (remove the property setting and it will be selected by default)
2025-08-02T15:22:50.110+05:30  INFO 17720 --- [ParkingLot] [main] org.hibernate.orm.connections.pooling    : HHH10001005: Database info:
	Database JDBC URL [Connecting through datasource 'HikariDataSource (HikariPool-1)']
	Database driver: undefined/unknown
	Database version: 8.0.42
	Autocommit mode: undefined/unknown
	Isolation level: undefined/unknown
	Minimum pool size: undefined/unknown
	Maximum pool size: undefined/unknown
2025-08-02T15:22:50.828+05:30  INFO 17720 --- [ParkingLot] [main] o.h.e.t.j.p.i.JtaPlatformInitiator       : HHH000489: No JTA platform available (set 'hibernate.transaction.jta.platform' to enable JTA platform integration)
2025-08-02T15:22:50.947+05:30  INFO 17720 --- [ParkingLot] [main] j.LocalContainerEntityManagerFactoryBean : Initialized JPA EntityManagerFactory for persistence unit 'default'
2025-08-02T15:22:51.142+05:30  WARN 17720 --- [ParkingLot] [main] JpaBaseConfiguration$JpaWebConfiguration : spring.jpa.open-in-view is enabled by default. Therefore, database queries may be performed during view rendering. Explicitly configure spring.jpa.open-in-view to disable this warning
2025-08-02T15:22:51.489+05:30  INFO 17720 --- [ParkingLot] [main] o.s.b.a.e.web.EndpointLinksResolver      : Exposing 1 endpoint beneath base path '/actuator'
2025-08-02T15:22:51.551+05:30  INFO 17720 --- [ParkingLot] [main] o.s.b.w.embedded.tomcat.TomcatWebServer  : Tomcat started on port 3333 (http) with context path '/'
2025-08-02T15:22:51.568+05:30  INFO 17720 --- [ParkingLot] [main] com.example.demo.ParkingLotApplication   : Started ParkingLotApplication in 3.856 seconds (process running for 4.096)
2025-08-02T15:31:37.009+05:30  INFO 17720 --- [ParkingLot] [http-nio-3333-exec-1] o.a.c.c.C.[Tomcat].[localhost].[/]       : Initializing Spring DispatcherServlet 'dispatcherServlet'
2025-08-02T15:31:37.009+05:30  INFO 17720 --- [ParkingLot] [http-nio-3333-exec-1] o.s.web.servlet.DispatcherServlet        : Initializing Servlet 'dispatcherServlet'
2025-08-02T15:31:37.011+05:30  INFO 17720 --- [ParkingLot] [http-nio-3333-exec-1] o.s.web.servlet.DispatcherServlet        : Completed initialization in 2 ms
2025-08-02T15:43:59.307+05:30  INFO 21616 --- [ParkingLot] [main] com.example.demo.ParkingLotApplication   : Starting ParkingLotApplication using Java 17.0.15 with PID 21616 (C:\Users\samhi\IdeaProjects\ParkingLot\ParkingLotProject\build\classes\java\main started by samhi in C:\Users\samhi\IdeaProjects\ParkingLot\ParkingLotProject)
2025-08-02T15:43:59.311+05:30  INFO 21616 --- [ParkingLot] [main] com.example.demo.ParkingLotApplication   : No active profile set, falling back to 1 default profile: "default"
2025-08-02T15:44:00.053+05:30  INFO 21616 --- [ParkingLot] [main] .s.d.r.c.RepositoryConfigurationDelegate : Bootstrapping Spring Data JPA repositories in DEFAULT mode.
2025-08-02T15:44:00.118+05:30  INFO 21616 --- [ParkingLot] [main] .s.d.r.c.RepositoryConfigurationDelegate : Finished Spring Data repository scanning in 54 ms. Found 6 JPA repository interfaces.
2025-08-02T15:44:00.510+05:30  INFO 21616 --- [ParkingLot] [main] o.s.b.w.embedded.tomcat.TomcatWebServer  : Tomcat initialized with port 3333 (http)
2025-08-02T15:44:00.518+05:30  INFO 21616 --- [ParkingLot] [main] o.apache.catalina.core.StandardService   : Starting service [Tomcat]
2025-08-02T15:44:00.518+05:30  INFO 21616 --- [ParkingLot] [main] o.apache.catalina.core.StandardEngine    : Starting Servlet engine: [Apache Tomcat/10.1.42]
2025-08-02T15:44:00.551+05:30  INFO 21616 --- [ParkingLot] [main] o.a.c.c.C.[Tomcat].[localhost].[/]       : Initializing Spring embedded WebApplicationContext
2025-08-02T15:44:00.553+05:30  INFO 21616 --- [ParkingLot] [main] w.s.c.ServletWebServerApplicationContext : Root WebApplicationContext: initialization completed in 1215 ms
2025-08-02T15:44:00.766+05:30  INFO 21616 --- [ParkingLot] [main] o.hibernate.jpa.internal.util.LogHelper  : HHH000204: Processing PersistenceUnitInfo [name: default]
2025-08-02T15:44:00.801+05:30  INFO 21616 --- [ParkingLot] [main] org.hibernate.Version                    : HHH000412: Hibernate ORM core version 6.6.18.Final
2025-08-02T15:44:00.832+05:30  INFO 21616 --- [ParkingLot] [main] o.h.c.internal.RegionFactoryInitiator    : HHH000026: Second-level cache disabled
2025-08-02T15:44:01.043+05:30  INFO 21616 --- [ParkingLot] [main] o.s.o.j.p.SpringPersistenceUnitInfo      : No LoadTimeWeaver setup: ignoring JPA class transformer
2025-08-02T15:44:01.073+05:30  INFO 21616 --- [ParkingLot] [main] com.zaxxer.hikari.HikariDataSource       : HikariPool-1 - Starting...
2025-08-02T15:44:01.309+05:30  INFO 21616 --- [ParkingLot] [main] com.zaxxer.hikari.pool.HikariPool        : HikariPool-1 - Added connection com.mysql.cj.jdbc.ConnectionImpl@56499781
2025-08-02T15:44:01.314+05:30  INFO 21616 --- [ParkingLot] [main] com.zaxxer.hikari.HikariDataSource       : HikariPool-1 - Start completed.
2025-08-02T15:44:01.366+05:30  WARN 21616 --- [ParkingLot] [main] org.hibernate.orm.deprecation            : HHH90000025: MySQLDialect does not need to be specified explicitly using 'hibernate.dialect' (remove the property setting and it will be selected by default)
2025-08-02T15:44:01.386+05:30  INFO 21616 --- [ParkingLot] [main] org.hibernate.orm.connections.pooling    : HHH10001005: Database info:
	Database JDBC URL [Connecting through datasource 'HikariDataSource (HikariPool-1)']
	Database driver: undefined/unknown
	Database version: 8.0.42
	Autocommit mode: undefined/unknown
	Isolation level: undefined/unknown
	Minimum pool size: undefined/unknown
	Maximum pool size: undefined/unknown
2025-08-02T15:44:02.117+05:30  INFO 21616 --- [ParkingLot] [main] o.h.e.t.j.p.i.JtaPlatformInitiator       : HHH000489: No JTA platform available (set 'hibernate.transaction.jta.platform' to enable JTA platform integration)
2025-08-02T15:44:02.235+05:30  INFO 21616 --- [ParkingLot] [main] j.LocalContainerEntityManagerFactoryBean : Initialized JPA EntityManagerFactory for persistence unit 'default'
2025-08-02T15:44:02.464+05:30  WARN 21616 --- [ParkingLot] [main] JpaBaseConfiguration$JpaWebConfiguration : spring.jpa.open-in-view is enabled by default. Therefore, database queries may be performed during view rendering. Explicitly configure spring.jpa.open-in-view to disable this warning
2025-08-02T15:44:02.839+05:30  INFO 21616 --- [ParkingLot] [main] o.s.b.a.e.web.EndpointLinksResolver      : Exposing 1 endpoint beneath base path '/actuator'
2025-08-02T15:44:02.899+05:30  INFO 21616 --- [ParkingLot] [main] o.s.b.w.embedded.tomcat.TomcatWebServer  : Tomcat started on port 3333 (http) with context path '/'
2025-08-02T15:44:02.915+05:30  INFO 21616 --- [ParkingLot] [main] com.example.demo.ParkingLotApplication   : Started ParkingLotApplication in 3.988 seconds (process running for 4.254)
2025-08-02T15:44:10.470+05:30  INFO 21616 --- [ParkingLot] [http-nio-3333-exec-1] o.a.c.c.C.[Tomcat].[localhost].[/]       : Initializing Spring DispatcherServlet 'dispatcherServlet'
2025-08-02T15:44:10.470+05:30  INFO 21616 --- [ParkingLot] [http-nio-3333-exec-1] o.s.web.servlet.DispatcherServlet        : Initializing Servlet 'dispatcherServlet'
2025-08-02T15:44:10.472+05:30  INFO 21616 --- [ParkingLot] [http-nio-3333-exec-1] o.s.web.servlet.DispatcherServlet        : Completed initialization in 0 ms
2025-08-02T15:45:32.742+05:30  INFO 16884 --- [ParkingLot] [main] com.example.demo.ParkingLotApplication   : Starting ParkingLotApplication using Java 17.0.15 with PID 16884 (C:\Users\samhi\IdeaProjects\ParkingLot\ParkingLotProject\build\classes\java\main started by samhi in C:\Users\samhi\IdeaProjects\ParkingLot\ParkingLotProject)
2025-08-02T15:45:32.747+05:30  INFO 16884 --- [ParkingLot] [main] com.example.demo.ParkingLotApplication   : No active profile set, falling back to 1 default profile: "default"
2025-08-02T15:45:33.518+05:30  INFO 16884 --- [ParkingLot] [main] .s.d.r.c.RepositoryConfigurationDelegate : Bootstrapping Spring Data JPA repositories in DEFAULT mode.
2025-08-02T15:45:33.604+05:30  INFO 16884 --- [ParkingLot] [main] .s.d.r.c.RepositoryConfigurationDelegate : Finished Spring Data repository scanning in 80 ms. Found 6 JPA repository interfaces.
2025-08-02T15:45:33.988+05:30  INFO 16884 --- [ParkingLot] [main] o.s.b.w.embedded.tomcat.TomcatWebServer  : Tomcat initialized with port 3333 (http)
2025-08-02T15:45:33.997+05:30  INFO 16884 --- [ParkingLot] [main] o.apache.catalina.core.StandardService   : Starting service [Tomcat]
2025-08-02T15:45:33.997+05:30  INFO 16884 --- [ParkingLot] [main] o.apache.catalina.core.StandardEngine    : Starting Servlet engine: [Apache Tomcat/10.1.42]
2025-08-02T15:45:34.039+05:30  INFO 16884 --- [ParkingLot] [main] o.a.c.c.C.[Tomcat].[localhost].[/]       : Initializing Spring embedded WebApplicationContext
2025-08-02T15:45:34.039+05:30  INFO 16884 --- [ParkingLot] [main] w.s.c.ServletWebServerApplicationContext : Root WebApplicationContext: initialization completed in 1258 ms
2025-08-02T15:45:34.292+05:30  INFO 16884 --- [ParkingLot] [main] o.hibernate.jpa.internal.util.LogHelper  : HHH000204: Processing PersistenceUnitInfo [name: default]
2025-08-02T15:45:34.348+05:30  INFO 16884 --- [ParkingLot] [main] org.hibernate.Version                    : HHH000412: Hibernate ORM core version 6.6.18.Final
2025-08-02T15:45:34.382+05:30  INFO 16884 --- [ParkingLot] [main] o.h.c.internal.RegionFactoryInitiator    : HHH000026: Second-level cache disabled
2025-08-02T15:45:34.609+05:30  INFO 16884 --- [ParkingLot] [main] o.s.o.j.p.SpringPersistenceUnitInfo      : No LoadTimeWeaver setup: ignoring JPA class transformer
2025-08-02T15:45:34.636+05:30  INFO 16884 --- [ParkingLot] [main] com.zaxxer.hikari.HikariDataSource       : HikariPool-1 - Starting...
2025-08-02T15:45:34.902+05:30  INFO 16884 --- [ParkingLot] [main] com.zaxxer.hikari.pool.HikariPool        : HikariPool-1 - Added connection com.mysql.cj.jdbc.ConnectionImpl@290807e5
2025-08-02T15:45:34.902+05:30  INFO 16884 --- [ParkingLot] [main] com.zaxxer.hikari.HikariDataSource       : HikariPool-1 - Start completed.
2025-08-02T15:45:34.943+05:30  WARN 16884 --- [ParkingLot] [main] org.hibernate.orm.deprecation            : HHH90000025: MySQLDialect does not need to be specified explicitly using 'hibernate.dialect' (remove the property setting and it will be selected by default)
2025-08-02T15:45:34.957+05:30  INFO 16884 --- [ParkingLot] [main] org.hibernate.orm.connections.pooling    : HHH10001005: Database info:
	Database JDBC URL [Connecting through datasource 'HikariDataSource (HikariPool-1)']
	Database driver: undefined/unknown
	Database version: 8.0.42
	Autocommit mode: undefined/unknown
	Isolation level: undefined/unknown
	Minimum pool size: undefined/unknown
	Maximum pool size: undefined/unknown
2025-08-02T15:45:35.672+05:30  INFO 16884 --- [ParkingLot] [main] o.h.e.t.j.p.i.JtaPlatformInitiator       : HHH000489: No JTA platform available (set 'hibernate.transaction.jta.platform' to enable JTA platform integration)
2025-08-02T15:45:35.789+05:30  INFO 16884 --- [ParkingLot] [main] j.LocalContainerEntityManagerFactoryBean : Initialized JPA EntityManagerFactory for persistence unit 'default'
2025-08-02T15:45:35.992+05:30  WARN 16884 --- [ParkingLot] [main] JpaBaseConfiguration$JpaWebConfiguration : spring.jpa.open-in-view is enabled by default. Therefore, database queries may be performed during view rendering. Explicitly configure spring.jpa.open-in-view to disable this warning
2025-08-02T15:45:36.382+05:30  INFO 16884 --- [ParkingLot] [main] o.s.b.a.e.web.EndpointLinksResolver      : Exposing 1 endpoint beneath base path '/actuator'
2025-08-02T15:45:36.434+05:30  INFO 16884 --- [ParkingLot] [main] o.s.b.w.embedded.tomcat.TomcatWebServer  : Tomcat started on port 3333 (http) with context path '/'
2025-08-02T15:45:36.455+05:30  INFO 16884 --- [ParkingLot] [main] com.example.demo.ParkingLotApplication   : Started ParkingLotApplication in 4.125 seconds (process running for 4.418)
2025-08-02T15:45:42.107+05:30  INFO 16884 --- [ParkingLot] [http-nio-3333-exec-1] o.a.c.c.C.[Tomcat].[localhost].[/]       : Initializing Spring DispatcherServlet 'dispatcherServlet'
2025-08-02T15:45:42.107+05:30  INFO 16884 --- [ParkingLot] [http-nio-3333-exec-1] o.s.web.servlet.DispatcherServlet        : Initializing Servlet 'dispatcherServlet'
2025-08-02T15:45:42.109+05:30  INFO 16884 --- [ParkingLot] [http-nio-3333-exec-1] o.s.web.servlet.DispatcherServlet        : Completed initialization in 0 ms
2025-08-02T15:47:36.527+05:30  INFO 20592 --- [ParkingLot] [main] com.example.demo.ParkingLotApplication   : Starting ParkingLotApplication using Java 17.0.15 with PID 20592 (C:\Users\samhi\IdeaProjects\ParkingLot\ParkingLotProject\build\classes\java\main started by samhi in C:\Users\samhi\IdeaProjects\ParkingLot\ParkingLotProject)
2025-08-02T15:47:36.529+05:30  INFO 20592 --- [ParkingLot] [main] com.example.demo.ParkingLotApplication   : No active profile set, falling back to 1 default profile: "default"
2025-08-02T15:47:37.307+05:30  INFO 20592 --- [ParkingLot] [main] .s.d.r.c.RepositoryConfigurationDelegate : Bootstrapping Spring Data JPA repositories in DEFAULT mode.
2025-08-02T15:47:37.385+05:30  INFO 20592 --- [ParkingLot] [main] .s.d.r.c.RepositoryConfigurationDelegate : Finished Spring Data repository scanning in 71 ms. Found 6 JPA repository interfaces.
2025-08-02T15:47:37.785+05:30  INFO 20592 --- [ParkingLot] [main] o.s.b.w.embedded.tomcat.TomcatWebServer  : Tomcat initialized with port 3333 (http)
2025-08-02T15:47:37.789+05:30  INFO 20592 --- [ParkingLot] [main] o.apache.catalina.core.StandardService   : Starting service [Tomcat]
2025-08-02T15:47:37.796+05:30  INFO 20592 --- [ParkingLot] [main] o.apache.catalina.core.StandardEngine    : Starting Servlet engine: [Apache Tomcat/10.1.42]
2025-08-02T15:47:37.836+05:30  INFO 20592 --- [ParkingLot] [main] o.a.c.c.C.[Tomcat].[localhost].[/]       : Initializing Spring embedded WebApplicationContext
2025-08-02T15:47:37.836+05:30  INFO 20592 --- [ParkingLot] [main] w.s.c.ServletWebServerApplicationContext : Root WebApplicationContext: initialization completed in 1268 ms
2025-08-02T15:47:38.057+05:30  INFO 20592 --- [ParkingLot] [main] o.hibernate.jpa.internal.util.LogHelper  : HHH000204: Processing PersistenceUnitInfo [name: default]
2025-08-02T15:47:38.120+05:30  INFO 20592 --- [ParkingLot] [main] org.hibernate.Version                    : HHH000412: Hibernate ORM core version 6.6.18.Final
2025-08-02T15:47:38.147+05:30  INFO 20592 --- [ParkingLot] [main] o.h.c.internal.RegionFactoryInitiator    : HHH000026: Second-level cache disabled
2025-08-02T15:47:38.379+05:30  INFO 20592 --- [ParkingLot] [main] o.s.o.j.p.SpringPersistenceUnitInfo      : No LoadTimeWeaver setup: ignoring JPA class transformer
2025-08-02T15:47:38.408+05:30  INFO 20592 --- [ParkingLot] [main] com.zaxxer.hikari.HikariDataSource       : HikariPool-1 - Starting...
2025-08-02T15:47:38.624+05:30  INFO 20592 --- [ParkingLot] [main] com.zaxxer.hikari.pool.HikariPool        : HikariPool-1 - Added connection com.mysql.cj.jdbc.ConnectionImpl@54286339
2025-08-02T15:47:38.625+05:30  INFO 20592 --- [ParkingLot] [main] com.zaxxer.hikari.HikariDataSource       : HikariPool-1 - Start completed.
2025-08-02T15:47:38.658+05:30  WARN 20592 --- [ParkingLot] [main] org.hibernate.orm.deprecation            : HHH90000025: MySQLDialect does not need to be specified explicitly using 'hibernate.dialect' (remove the property setting and it will be selected by default)
2025-08-02T15:47:38.673+05:30  INFO 20592 --- [ParkingLot] [main] org.hibernate.orm.connections.pooling    : HHH10001005: Database info:
	Database JDBC URL [Connecting through datasource 'HikariDataSource (HikariPool-1)']
	Database driver: undefined/unknown
	Database version: 8.0.42
	Autocommit mode: undefined/unknown
	Isolation level: undefined/unknown
	Minimum pool size: undefined/unknown
	Maximum pool size: undefined/unknown
2025-08-02T15:47:39.432+05:30  INFO 20592 --- [ParkingLot] [main] o.h.e.t.j.p.i.JtaPlatformInitiator       : HHH000489: No JTA platform available (set 'hibernate.transaction.jta.platform' to enable JTA platform integration)
2025-08-02T15:47:39.529+05:30  INFO 20592 --- [ParkingLot] [main] j.LocalContainerEntityManagerFactoryBean : Initialized JPA EntityManagerFactory for persistence unit 'default'
2025-08-02T15:47:39.778+05:30  WARN 20592 --- [ParkingLot] [main] JpaBaseConfiguration$JpaWebConfiguration : spring.jpa.open-in-view is enabled by default. Therefore, database queries may be performed during view rendering. Explicitly configure spring.jpa.open-in-view to disable this warning
2025-08-02T15:47:40.182+05:30  INFO 20592 --- [ParkingLot] [main] o.s.b.a.e.web.EndpointLinksResolver      : Exposing 1 endpoint beneath base path '/actuator'
2025-08-02T15:47:40.250+05:30  INFO 20592 --- [ParkingLot] [main] o.s.b.w.embedded.tomcat.TomcatWebServer  : Tomcat started on port 3333 (http) with context path '/'
2025-08-02T15:47:40.263+05:30  INFO 20592 --- [ParkingLot] [main] com.example.demo.ParkingLotApplication   : Started ParkingLotApplication in 4.116 seconds (process running for 4.358)
2025-08-02T15:47:51.045+05:30  INFO 28580 --- [ParkingLot] [main] com.example.demo.ParkingLotApplication   : Starting ParkingLotApplication using Java 17.0.15 with PID 28580 (C:\Users\samhi\IdeaProjects\ParkingLot\ParkingLotProject\build\classes\java\main started by samhi in C:\Users\samhi\IdeaProjects\ParkingLot\ParkingLotProject)
2025-08-02T15:47:51.045+05:30  INFO 28580 --- [ParkingLot] [main] com.example.demo.ParkingLotApplication   : No active profile set, falling back to 1 default profile: "default"
2025-08-02T15:47:51.785+05:30  INFO 28580 --- [ParkingLot] [main] .s.d.r.c.RepositoryConfigurationDelegate : Bootstrapping Spring Data JPA repositories in DEFAULT mode.
2025-08-02T15:47:51.863+05:30  INFO 28580 --- [ParkingLot] [main] .s.d.r.c.RepositoryConfigurationDelegate : Finished Spring Data repository scanning in 71 ms. Found 6 JPA repository interfaces.
2025-08-02T15:47:52.244+05:30  INFO 28580 --- [ParkingLot] [main] o.s.b.w.embedded.tomcat.TomcatWebServer  : Tomcat initialized with port 3333 (http)
2025-08-02T15:47:52.258+05:30  INFO 28580 --- [ParkingLot] [main] o.apache.catalina.core.StandardService   : Starting service [Tomcat]
2025-08-02T15:47:52.258+05:30  INFO 28580 --- [ParkingLot] [main] o.apache.catalina.core.StandardEngine    : Starting Servlet engine: [Apache Tomcat/10.1.42]
2025-08-02T15:47:52.295+05:30  INFO 28580 --- [ParkingLot] [main] o.a.c.c.C.[Tomcat].[localhost].[/]       : Initializing Spring embedded WebApplicationContext
2025-08-02T15:47:52.296+05:30  INFO 28580 --- [ParkingLot] [main] w.s.c.ServletWebServerApplicationContext : Root WebApplicationContext: initialization completed in 1211 ms
2025-08-02T15:47:52.510+05:30  INFO 28580 --- [ParkingLot] [main] o.hibernate.jpa.internal.util.LogHelper  : HHH000204: Processing PersistenceUnitInfo [name: default]
2025-08-02T15:47:52.558+05:30  INFO 28580 --- [ParkingLot] [main] org.hibernate.Version                    : HHH000412: Hibernate ORM core version 6.6.18.Final
2025-08-02T15:47:52.584+05:30  INFO 28580 --- [ParkingLot] [main] o.h.c.internal.RegionFactoryInitiator    : HHH000026: Second-level cache disabled
2025-08-02T15:47:52.810+05:30  INFO 28580 --- [ParkingLot] [main] o.s.o.j.p.SpringPersistenceUnitInfo      : No LoadTimeWeaver setup: ignoring JPA class transformer
2025-08-02T15:47:52.836+05:30  INFO 28580 --- [ParkingLot] [main] com.zaxxer.hikari.HikariDataSource       : HikariPool-1 - Starting...
2025-08-02T15:47:53.058+05:30  INFO 28580 --- [ParkingLot] [main] com.zaxxer.hikari.pool.HikariPool        : HikariPool-1 - Added connection com.mysql.cj.jdbc.ConnectionImpl@42cfd794
2025-08-02T15:47:53.058+05:30  INFO 28580 --- [ParkingLot] [main] com.zaxxer.hikari.HikariDataSource       : HikariPool-1 - Start completed.
2025-08-02T15:47:53.100+05:30  WARN 28580 --- [ParkingLot] [main] org.hibernate.orm.deprecation            : HHH90000025: MySQLDialect does not need to be specified explicitly using 'hibernate.dialect' (remove the property setting and it will be selected by default)
2025-08-02T15:47:53.113+05:30  INFO 28580 --- [ParkingLot] [main] org.hibernate.orm.connections.pooling    : HHH10001005: Database info:
	Database JDBC URL [Connecting through datasource 'HikariDataSource (HikariPool-1)']
	Database driver: undefined/unknown
	Database version: 8.0.42
	Autocommit mode: undefined/unknown
	Isolation level: undefined/unknown
	Minimum pool size: undefined/unknown
	Maximum pool size: undefined/unknown
2025-08-02T15:47:53.817+05:30  INFO 28580 --- [ParkingLot] [main] o.h.e.t.j.p.i.JtaPlatformInitiator       : HHH000489: No JTA platform available (set 'hibernate.transaction.jta.platform' to enable JTA platform integration)
2025-08-02T15:47:53.932+05:30  INFO 28580 --- [ParkingLot] [main] j.LocalContainerEntityManagerFactoryBean : Initialized JPA EntityManagerFactory for persistence unit 'default'
2025-08-02T15:47:54.140+05:30  WARN 28580 --- [ParkingLot] [main] JpaBaseConfiguration$JpaWebConfiguration : spring.jpa.open-in-view is enabled by default. Therefore, database queries may be performed during view rendering. Explicitly configure spring.jpa.open-in-view to disable this warning
2025-08-02T15:47:54.504+05:30  INFO 28580 --- [ParkingLot] [main] o.s.b.a.e.web.EndpointLinksResolver      : Exposing 1 endpoint beneath base path '/actuator'
2025-08-02T15:47:54.562+05:30  INFO 28580 --- [ParkingLot] [main] o.s.b.w.embedded.tomcat.TomcatWebServer  : Tomcat started on port 3333 (http) with context path '/'
2025-08-02T15:47:54.581+05:30  INFO 28580 --- [ParkingLot] [main] com.example.demo.ParkingLotApplication   : Started ParkingLotApplication in 3.947 seconds (process running for 4.178)
2025-08-02T15:48:00.465+05:30  INFO 28580 --- [ParkingLot] [http-nio-3333-exec-1] o.a.c.c.C.[Tomcat].[localhost].[/]       : Initializing Spring DispatcherServlet 'dispatcherServlet'
2025-08-02T15:48:00.465+05:30  INFO 28580 --- [ParkingLot] [http-nio-3333-exec-1] o.s.web.servlet.DispatcherServlet        : Initializing Servlet 'dispatcherServlet'
2025-08-02T15:48:00.465+05:30  INFO 28580 --- [ParkingLot] [http-nio-3333-exec-1] o.s.web.servlet.DispatcherServlet        : Completed initialization in 0 ms
2025-08-02T15:48:00.713+05:30  WARN 28580 --- [ParkingLot] [http-nio-3333-exec-1] o.h.engine.jdbc.spi.SqlExceptionHelper   : SQL Error: 1062, SQLState: 23000
2025-08-02T15:48:00.713+05:30 ERROR 28580 --- [ParkingLot] [http-nio-3333-exec-1] o.h.engine.jdbc.spi.SqlExceptionHelper   : Duplicate entry 'KA51MV3670' for key 'parking_ticket.UK42nrdk0x1sv4qisc5d0vybds7'
2025-08-02T15:48:21.887+05:30  INFO 8960 --- [ParkingLot] [main] com.example.demo.ParkingLotApplication   : Starting ParkingLotApplication using Java 17.0.15 with PID 8960 (C:\Users\samhi\IdeaProjects\ParkingLot\ParkingLotProject\build\classes\java\main started by samhi in C:\Users\samhi\IdeaProjects\ParkingLot\ParkingLotProject)
2025-08-02T15:48:21.890+05:30  INFO 8960 --- [ParkingLot] [main] com.example.demo.ParkingLotApplication   : No active profile set, falling back to 1 default profile: "default"
2025-08-02T15:48:22.645+05:30  INFO 8960 --- [ParkingLot] [main] .s.d.r.c.RepositoryConfigurationDelegate : Bootstrapping Spring Data JPA repositories in DEFAULT mode.
2025-08-02T15:48:22.709+05:30  INFO 8960 --- [ParkingLot] [main] .s.d.r.c.RepositoryConfigurationDelegate : Finished Spring Data repository scanning in 57 ms. Found 6 JPA repository interfaces.
2025-08-02T15:48:23.102+05:30  INFO 8960 --- [ParkingLot] [main] o.s.b.w.embedded.tomcat.TomcatWebServer  : Tomcat initialized with port 3333 (http)
2025-08-02T15:48:23.111+05:30  INFO 8960 --- [ParkingLot] [main] o.apache.catalina.core.StandardService   : Starting service [Tomcat]
2025-08-02T15:48:23.113+05:30  INFO 8960 --- [ParkingLot] [main] o.apache.catalina.core.StandardEngine    : Starting Servlet engine: [Apache Tomcat/10.1.42]
2025-08-02T15:48:23.149+05:30  INFO 8960 --- [ParkingLot] [main] o.a.c.c.C.[Tomcat].[localhost].[/]       : Initializing Spring embedded WebApplicationContext
2025-08-02T15:48:23.149+05:30  INFO 8960 --- [ParkingLot] [main] w.s.c.ServletWebServerApplicationContext : Root WebApplicationContext: initialization completed in 1223 ms
2025-08-02T15:48:23.341+05:30  INFO 8960 --- [ParkingLot] [main] o.hibernate.jpa.internal.util.LogHelper  : HHH000204: Processing PersistenceUnitInfo [name: default]
2025-08-02T15:48:23.383+05:30  INFO 8960 --- [ParkingLot] [main] org.hibernate.Version                    : HHH000412: Hibernate ORM core version 6.6.18.Final
2025-08-02T15:48:23.404+05:30  INFO 8960 --- [ParkingLot] [main] o.h.c.internal.RegionFactoryInitiator    : HHH000026: Second-level cache disabled
2025-08-02T15:48:23.624+05:30  INFO 8960 --- [ParkingLot] [main] o.s.o.j.p.SpringPersistenceUnitInfo      : No LoadTimeWeaver setup: ignoring JPA class transformer
2025-08-02T15:48:23.648+05:30  INFO 8960 --- [ParkingLot] [main] com.zaxxer.hikari.HikariDataSource       : HikariPool-1 - Starting...
2025-08-02T15:48:23.865+05:30  INFO 8960 --- [ParkingLot] [main] com.zaxxer.hikari.pool.HikariPool        : HikariPool-1 - Added connection com.mysql.cj.jdbc.ConnectionImpl@71beada8
2025-08-02T15:48:23.865+05:30  INFO 8960 --- [ParkingLot] [main] com.zaxxer.hikari.HikariDataSource       : HikariPool-1 - Start completed.
2025-08-02T15:48:23.936+05:30  WARN 8960 --- [ParkingLot] [main] org.hibernate.orm.deprecation            : HHH90000025: MySQLDialect does not need to be specified explicitly using 'hibernate.dialect' (remove the property setting and it will be selected by default)
2025-08-02T15:48:23.951+05:30  INFO 8960 --- [ParkingLot] [main] org.hibernate.orm.connections.pooling    : HHH10001005: Database info:
	Database JDBC URL [Connecting through datasource 'HikariDataSource (HikariPool-1)']
	Database driver: undefined/unknown
	Database version: 8.0.42
	Autocommit mode: undefined/unknown
	Isolation level: undefined/unknown
	Minimum pool size: undefined/unknown
	Maximum pool size: undefined/unknown
2025-08-02T15:48:24.688+05:30  INFO 8960 --- [ParkingLot] [main] o.h.e.t.j.p.i.JtaPlatformInitiator       : HHH000489: No JTA platform available (set 'hibernate.transaction.jta.platform' to enable JTA platform integration)
2025-08-02T15:48:24.770+05:30  INFO 8960 --- [ParkingLot] [main] j.LocalContainerEntityManagerFactoryBean : Initialized JPA EntityManagerFactory for persistence unit 'default'
2025-08-02T15:48:24.962+05:30  WARN 8960 --- [ParkingLot] [main] JpaBaseConfiguration$JpaWebConfiguration : spring.jpa.open-in-view is enabled by default. Therefore, database queries may be performed during view rendering. Explicitly configure spring.jpa.open-in-view to disable this warning
2025-08-02T15:48:25.343+05:30  INFO 8960 --- [ParkingLot] [main] o.s.b.a.e.web.EndpointLinksResolver      : Exposing 1 endpoint beneath base path '/actuator'
2025-08-02T15:48:25.406+05:30  INFO 8960 --- [ParkingLot] [main] o.s.b.w.embedded.tomcat.TomcatWebServer  : Tomcat started on port 3333 (http) with context path '/'
2025-08-02T15:48:25.426+05:30  INFO 8960 --- [ParkingLot] [main] com.example.demo.ParkingLotApplication   : Started ParkingLotApplication in 3.904 seconds (process running for 4.172)
2025-08-02T15:48:36.547+05:30  INFO 8960 --- [ParkingLot] [http-nio-3333-exec-1] o.a.c.c.C.[Tomcat].[localhost].[/]       : Initializing Spring DispatcherServlet 'dispatcherServlet'
2025-08-02T15:48:36.547+05:30  INFO 8960 --- [ParkingLot] [http-nio-3333-exec-1] o.s.web.servlet.DispatcherServlet        : Initializing Servlet 'dispatcherServlet'
2025-08-02T15:48:36.547+05:30  INFO 8960 --- [ParkingLot] [http-nio-3333-exec-1] o.s.web.servlet.DispatcherServlet        : Completed initialization in 0 ms
2025-08-02T15:48:36.797+05:30  WARN 8960 --- [ParkingLot] [http-nio-3333-exec-1] o.h.engine.jdbc.spi.SqlExceptionHelper   : SQL Error: 1062, SQLState: 23000
2025-08-02T15:48:36.797+05:30 ERROR 8960 --- [ParkingLot] [http-nio-3333-exec-1] o.h.engine.jdbc.spi.SqlExceptionHelper   : Duplicate entry 'KA51MV3670' for key 'parking_ticket.UK42nrdk0x1sv4qisc5d0vybds7'
2025-08-02T16:03:14.233+05:30  WARN 8960 --- [ParkingLot] [HikariPool-1:housekeeper] com.zaxxer.hikari.pool.HikariPool        : HikariPool-1 - Thread starvation or clock leap detected (housekeeper delta=1m50s110ms48µs200ns).
2025-08-02T16:07:16.943+05:30  INFO 19000 --- [ParkingLot] [main] com.example.demo.ParkingLotApplication   : Starting ParkingLotApplication using Java 17.0.15 with PID 19000 (C:\Users\samhi\IdeaProjects\ParkingLot\ParkingLotProject\build\classes\java\main started by samhi in C:\Users\samhi\IdeaProjects\ParkingLot\ParkingLotProject)
2025-08-02T16:07:16.947+05:30  INFO 19000 --- [ParkingLot] [main] com.example.demo.ParkingLotApplication   : No active profile set, falling back to 1 default profile: "default"
2025-08-02T16:07:17.724+05:30  INFO 19000 --- [ParkingLot] [main] .s.d.r.c.RepositoryConfigurationDelegate : Bootstrapping Spring Data JPA repositories in DEFAULT mode.
2025-08-02T16:07:17.787+05:30  INFO 19000 --- [ParkingLot] [main] .s.d.r.c.RepositoryConfigurationDelegate : Finished Spring Data repository scanning in 56 ms. Found 6 JPA repository interfaces.
2025-08-02T16:07:18.250+05:30  INFO 19000 --- [ParkingLot] [main] o.s.b.w.embedded.tomcat.TomcatWebServer  : Tomcat initialized with port 3333 (http)
2025-08-02T16:07:18.260+05:30  INFO 19000 --- [ParkingLot] [main] o.apache.catalina.core.StandardService   : Starting service [Tomcat]
2025-08-02T16:07:18.260+05:30  INFO 19000 --- [ParkingLot] [main] o.apache.catalina.core.StandardEngine    : Starting Servlet engine: [Apache Tomcat/10.1.42]
2025-08-02T16:07:18.304+05:30  INFO 19000 --- [ParkingLot] [main] o.a.c.c.C.[Tomcat].[localhost].[/]       : Initializing Spring embedded WebApplicationContext
2025-08-02T16:07:18.305+05:30  INFO 19000 --- [ParkingLot] [main] w.s.c.ServletWebServerApplicationContext : Root WebApplicationContext: initialization completed in 1315 ms
2025-08-02T16:07:18.557+05:30  INFO 19000 --- [ParkingLot] [main] o.hibernate.jpa.internal.util.LogHelper  : HHH000204: Processing PersistenceUnitInfo [name: default]
2025-08-02T16:07:18.616+05:30  INFO 19000 --- [ParkingLot] [main] org.hibernate.Version                    : HHH000412: Hibernate ORM core version 6.6.18.Final
2025-08-02T16:07:18.656+05:30  INFO 19000 --- [ParkingLot] [main] o.h.c.internal.RegionFactoryInitiator    : HHH000026: Second-level cache disabled
2025-08-02T16:07:18.893+05:30  INFO 19000 --- [ParkingLot] [main] o.s.o.j.p.SpringPersistenceUnitInfo      : No LoadTimeWeaver setup: ignoring JPA class transformer
2025-08-02T16:07:18.924+05:30  INFO 19000 --- [ParkingLot] [main] com.zaxxer.hikari.HikariDataSource       : HikariPool-1 - Starting...
2025-08-02T16:07:19.184+05:30  INFO 19000 --- [ParkingLot] [main] com.zaxxer.hikari.pool.HikariPool        : HikariPool-1 - Added connection com.mysql.cj.jdbc.ConnectionImpl@43778371
2025-08-02T16:07:19.188+05:30  INFO 19000 --- [ParkingLot] [main] com.zaxxer.hikari.HikariDataSource       : HikariPool-1 - Start completed.
2025-08-02T16:07:19.225+05:30  WARN 19000 --- [ParkingLot] [main] org.hibernate.orm.deprecation            : HHH90000025: MySQLDialect does not need to be specified explicitly using 'hibernate.dialect' (remove the property setting and it will be selected by default)
2025-08-02T16:07:19.240+05:30  INFO 19000 --- [ParkingLot] [main] org.hibernate.orm.connections.pooling    : HHH10001005: Database info:
	Database JDBC URL [Connecting through datasource 'HikariDataSource (HikariPool-1)']
	Database driver: undefined/unknown
	Database version: 8.0.42
	Autocommit mode: undefined/unknown
	Isolation level: undefined/unknown
	Minimum pool size: undefined/unknown
	Maximum pool size: undefined/unknown
2025-08-02T16:07:20.007+05:30  INFO 19000 --- [ParkingLot] [main] o.h.e.t.j.p.i.JtaPlatformInitiator       : HHH000489: No JTA platform available (set 'hibernate.transaction.jta.platform' to enable JTA platform integration)
2025-08-02T16:07:20.087+05:30  INFO 19000 --- [ParkingLot] [main] j.LocalContainerEntityManagerFactoryBean : Initialized JPA EntityManagerFactory for persistence unit 'default'
2025-08-02T16:07:20.308+05:30  WARN 19000 --- [ParkingLot] [main] JpaBaseConfiguration$JpaWebConfiguration : spring.jpa.open-in-view is enabled by default. Therefore, database queries may be performed during view rendering. Explicitly configure spring.jpa.open-in-view to disable this warning
2025-08-02T16:07:20.705+05:30  INFO 19000 --- [ParkingLot] [main] o.s.b.a.e.web.EndpointLinksResolver      : Exposing 1 endpoint beneath base path '/actuator'
2025-08-02T16:07:20.783+05:30  INFO 19000 --- [ParkingLot] [main] o.s.b.w.embedded.tomcat.TomcatWebServer  : Tomcat started on port 3333 (http) with context path '/'
2025-08-02T16:07:20.799+05:30  INFO 19000 --- [ParkingLot] [main] com.example.demo.ParkingLotApplication   : Started ParkingLotApplication in 4.238 seconds (process running for 4.475)
2025-08-02T16:07:46.015+05:30  INFO 19000 --- [ParkingLot] [http-nio-3333-exec-1] o.a.c.c.C.[Tomcat].[localhost].[/]       : Initializing Spring DispatcherServlet 'dispatcherServlet'
2025-08-02T16:07:46.015+05:30  INFO 19000 --- [ParkingLot] [http-nio-3333-exec-1] o.s.web.servlet.DispatcherServlet        : Initializing Servlet 'dispatcherServlet'
2025-08-02T16:07:46.015+05:30  INFO 19000 --- [ParkingLot] [http-nio-3333-exec-1] o.s.web.servlet.DispatcherServlet        : Completed initialization in 0 ms
2025-08-02T20:57:19.623+05:30  INFO 32584 --- [ParkingLot] [main] com.example.demo.ParkingLotApplication   : Starting ParkingLotApplication using Java 17.0.15 with PID 32584 (C:\Users\samhi\IdeaProjects\ParkingLot\ParkingLotProject\build\classes\java\main started by samhi in C:\Users\samhi\IdeaProjects\ParkingLot\ParkingLotProject)
2025-08-02T20:57:19.626+05:30  INFO 32584 --- [ParkingLot] [main] com.example.demo.ParkingLotApplication   : No active profile set, falling back to 1 default profile: "default"
2025-08-02T20:57:20.584+05:30  INFO 32584 --- [ParkingLot] [main] .s.d.r.c.RepositoryConfigurationDelegate : Bootstrapping Spring Data JPA repositories in DEFAULT mode.
2025-08-02T20:57:20.645+05:30  INFO 32584 --- [ParkingLot] [main] .s.d.r.c.RepositoryConfigurationDelegate : Finished Spring Data repository scanning in 57 ms. Found 6 JPA repository interfaces.
2025-08-02T20:57:21.101+05:30  INFO 32584 --- [ParkingLot] [main] o.s.b.w.embedded.tomcat.TomcatWebServer  : Tomcat initialized with port 3333 (http)
2025-08-02T20:57:21.109+05:30  INFO 32584 --- [ParkingLot] [main] o.apache.catalina.core.StandardService   : Starting service [Tomcat]
2025-08-02T20:57:21.109+05:30  INFO 32584 --- [ParkingLot] [main] o.apache.catalina.core.StandardEngine    : Starting Servlet engine: [Apache Tomcat/10.1.42]
2025-08-02T20:57:21.166+05:30  INFO 32584 --- [ParkingLot] [main] o.a.c.c.C.[Tomcat].[localhost].[/]       : Initializing Spring embedded WebApplicationContext
2025-08-02T20:57:21.166+05:30  INFO 32584 --- [ParkingLot] [main] w.s.c.ServletWebServerApplicationContext : Root WebApplicationContext: initialization completed in 1501 ms
2025-08-02T20:57:21.430+05:30  INFO 32584 --- [ParkingLot] [main] o.hibernate.jpa.internal.util.LogHelper  : HHH000204: Processing PersistenceUnitInfo [name: default]
2025-08-02T20:57:21.508+05:30  INFO 32584 --- [ParkingLot] [main] org.hibernate.Version                    : HHH000412: Hibernate ORM core version 6.6.18.Final
2025-08-02T20:57:21.552+05:30  INFO 32584 --- [ParkingLot] [main] o.h.c.internal.RegionFactoryInitiator    : HHH000026: Second-level cache disabled
2025-08-02T20:57:21.830+05:30  INFO 32584 --- [ParkingLot] [main] o.s.o.j.p.SpringPersistenceUnitInfo      : No LoadTimeWeaver setup: ignoring JPA class transformer
2025-08-02T20:57:21.864+05:30  INFO 32584 --- [ParkingLot] [main] com.zaxxer.hikari.HikariDataSource       : HikariPool-1 - Starting...
2025-08-02T20:57:22.228+05:30  INFO 32584 --- [ParkingLot] [main] com.zaxxer.hikari.pool.HikariPool        : HikariPool-1 - Added connection com.mysql.cj.jdbc.ConnectionImpl@43778371
2025-08-02T20:57:22.230+05:30  INFO 32584 --- [ParkingLot] [main] com.zaxxer.hikari.HikariDataSource       : HikariPool-1 - Start completed.
2025-08-02T20:57:22.294+05:30  WARN 32584 --- [ParkingLot] [main] org.hibernate.orm.deprecation            : HHH90000025: MySQLDialect does not need to be specified explicitly using 'hibernate.dialect' (remove the property setting and it will be selected by default)
2025-08-02T20:57:22.311+05:30  INFO 32584 --- [ParkingLot] [main] org.hibernate.orm.connections.pooling    : HHH10001005: Database info:
	Database JDBC URL [Connecting through datasource 'HikariDataSource (HikariPool-1)']
	Database driver: undefined/unknown
	Database version: 8.0.42
	Autocommit mode: undefined/unknown
	Isolation level: undefined/unknown
	Minimum pool size: undefined/unknown
	Maximum pool size: undefined/unknown
2025-08-02T20:57:23.108+05:30  INFO 32584 --- [ParkingLot] [main] o.h.e.t.j.p.i.JtaPlatformInitiator       : HHH000489: No JTA platform available (set 'hibernate.transaction.jta.platform' to enable JTA platform integration)
2025-08-02T20:57:23.261+05:30  INFO 32584 --- [ParkingLot] [main] j.LocalContainerEntityManagerFactoryBean : Initialized JPA EntityManagerFactory for persistence unit 'default'
2025-08-02T20:57:23.516+05:30  WARN 32584 --- [ParkingLot] [main] JpaBaseConfiguration$JpaWebConfiguration : spring.jpa.open-in-view is enabled by default. Therefore, database queries may be performed during view rendering. Explicitly configure spring.jpa.open-in-view to disable this warning
2025-08-02T20:57:23.922+05:30  INFO 32584 --- [ParkingLot] [main] o.s.b.a.e.web.EndpointLinksResolver      : Exposing 1 endpoint beneath base path '/actuator'
2025-08-02T20:57:23.987+05:30  INFO 32584 --- [ParkingLot] [main] o.s.b.w.embedded.tomcat.TomcatWebServer  : Tomcat started on port 3333 (http) with context path '/'
2025-08-02T20:57:24.001+05:30  INFO 32584 --- [ParkingLot] [main] com.example.demo.ParkingLotApplication   : Started ParkingLotApplication in 4.793 seconds (process running for 5.047)
2025-08-02T21:27:32.578+05:30  INFO 30164 --- [ParkingLot] [main] com.example.demo.ParkingLotApplication   : Starting ParkingLotApplication using Java 17.0.15 with PID 30164 (C:\Users\samhi\IdeaProjects\ParkingLot\ParkingLotProject\build\classes\java\main started by samhi in C:\Users\samhi\IdeaProjects\ParkingLot\ParkingLotProject)
2025-08-02T21:27:32.582+05:30  INFO 30164 --- [ParkingLot] [main] com.example.demo.ParkingLotApplication   : No active profile set, falling back to 1 default profile: "default"
2025-08-02T21:27:33.343+05:30  INFO 30164 --- [ParkingLot] [main] .s.d.r.c.RepositoryConfigurationDelegate : Bootstrapping Spring Data JPA repositories in DEFAULT mode.
2025-08-02T21:27:33.421+05:30  INFO 30164 --- [ParkingLot] [main] .s.d.r.c.RepositoryConfigurationDelegate : Finished Spring Data repository scanning in 70 ms. Found 6 JPA repository interfaces.
2025-08-02T21:27:33.801+05:30  INFO 30164 --- [ParkingLot] [main] o.s.b.w.embedded.tomcat.TomcatWebServer  : Tomcat initialized with port 3333 (http)
2025-08-02T21:27:33.812+05:30  INFO 30164 --- [ParkingLot] [main] o.apache.catalina.core.StandardService   : Starting service [Tomcat]
2025-08-02T21:27:33.812+05:30  INFO 30164 --- [ParkingLot] [main] o.apache.catalina.core.StandardEngine    : Starting Servlet engine: [Apache Tomcat/10.1.42]
2025-08-02T21:27:33.847+05:30  INFO 30164 --- [ParkingLot] [main] o.a.c.c.C.[Tomcat].[localhost].[/]       : Initializing Spring embedded WebApplicationContext
2025-08-02T21:27:33.847+05:30  INFO 30164 --- [ParkingLot] [main] w.s.c.ServletWebServerApplicationContext : Root WebApplicationContext: initialization completed in 1228 ms
2025-08-02T21:27:34.052+05:30  INFO 30164 --- [ParkingLot] [main] o.hibernate.jpa.internal.util.LogHelper  : HHH000204: Processing PersistenceUnitInfo [name: default]
2025-08-02T21:27:34.102+05:30  INFO 30164 --- [ParkingLot] [main] org.hibernate.Version                    : HHH000412: Hibernate ORM core version 6.6.18.Final
2025-08-02T21:27:34.133+05:30  INFO 30164 --- [ParkingLot] [main] o.h.c.internal.RegionFactoryInitiator    : HHH000026: Second-level cache disabled
2025-08-02T21:27:34.347+05:30  INFO 30164 --- [ParkingLot] [main] o.s.o.j.p.SpringPersistenceUnitInfo      : No LoadTimeWeaver setup: ignoring JPA class transformer
2025-08-02T21:27:34.369+05:30  INFO 30164 --- [ParkingLot] [main] com.zaxxer.hikari.HikariDataSource       : HikariPool-1 - Starting...
2025-08-02T21:27:34.592+05:30  INFO 30164 --- [ParkingLot] [main] com.zaxxer.hikari.pool.HikariPool        : HikariPool-1 - Added connection com.mysql.cj.jdbc.ConnectionImpl@1c53bd49
2025-08-02T21:27:34.592+05:30  INFO 30164 --- [ParkingLot] [main] com.zaxxer.hikari.HikariDataSource       : HikariPool-1 - Start completed.
2025-08-02T21:27:34.664+05:30  WARN 30164 --- [ParkingLot] [main] org.hibernate.orm.deprecation            : HHH90000025: MySQLDialect does not need to be specified explicitly using 'hibernate.dialect' (remove the property setting and it will be selected by default)
2025-08-02T21:27:34.679+05:30  INFO 30164 --- [ParkingLot] [main] org.hibernate.orm.connections.pooling    : HHH10001005: Database info:
	Database JDBC URL [Connecting through datasource 'HikariDataSource (HikariPool-1)']
	Database driver: undefined/unknown
	Database version: 8.0.42
	Autocommit mode: undefined/unknown
	Isolation level: undefined/unknown
	Minimum pool size: undefined/unknown
	Maximum pool size: undefined/unknown
2025-08-02T21:27:35.433+05:30  INFO 30164 --- [ParkingLot] [main] o.h.e.t.j.p.i.JtaPlatformInitiator       : HHH000489: No JTA platform available (set 'hibernate.transaction.jta.platform' to enable JTA platform integration)
2025-08-02T21:27:35.555+05:30  INFO 30164 --- [ParkingLot] [main] j.LocalContainerEntityManagerFactoryBean : Initialized JPA EntityManagerFactory for persistence unit 'default'
2025-08-02T21:27:35.765+05:30  WARN 30164 --- [ParkingLot] [main] JpaBaseConfiguration$JpaWebConfiguration : spring.jpa.open-in-view is enabled by default. Therefore, database queries may be performed during view rendering. Explicitly configure spring.jpa.open-in-view to disable this warning
2025-08-02T21:27:36.105+05:30  INFO 30164 --- [ParkingLot] [main] o.s.b.a.e.web.EndpointLinksResolver      : Exposing 1 endpoint beneath base path '/actuator'
2025-08-02T21:27:36.199+05:30  INFO 30164 --- [ParkingLot] [main] o.s.b.w.embedded.tomcat.TomcatWebServer  : Tomcat started on port 3333 (http) with context path '/'
2025-08-02T21:27:36.211+05:30  INFO 30164 --- [ParkingLot] [main] com.example.demo.ParkingLotApplication   : Started ParkingLotApplication in 4.02 seconds (process running for 4.266)
2025-08-02T21:49:50.252+05:30  WARN 30164 --- [ParkingLot] [HikariPool-1:housekeeper] com.zaxxer.hikari.pool.HikariPool        : HikariPool-1 - Thread starvation or clock leap detected (housekeeper delta=12m15s371ms939µs200ns).
